<?xml version="1.0" encoding="UTF-8"?>
<testng-results ignored="0" total="1" passed="1" failed="0" skipped="0">
  <reporter-output>
  </reporter-output>
  <suite started-at="2021-06-23T17:51:15 CDT" name="com.automation.Test.AppTest" finished-at="2021-06-23T17:51:15 CDT" duration-ms="47">
    <groups>
    </groups>
    <test started-at="2021-06-23T17:51:15 CDT" name="Command line test" finished-at="2021-06-23T17:51:15 CDT" duration-ms="47">
      <class name="com.automation.Test.AppTest">
        <test-method signature="setUp()[pri:0, instance:com.automation.Test.AppTest@4f6ee6e4]" started-at="2021-06-23T17:51:15 CDT" name="setUp" finished-at="2021-06-23T17:51:15 CDT" duration-ms="4" status="PASS">
          <reporter-output>
          </reporter-output>
        </test-method> <!-- setUp -->
      </class> <!-- com.automation.Test.AppTest -->
    </test> <!-- Command line test -->
  </suite> <!-- com.automation.Test.AppTest -->
</testng-results>
