<?xml version="1.0" encoding="UTF-8"?>
<testng-results ignored="0" total="2" passed="2" failed="0" skipped="0">
  <reporter-output>
  </reporter-output>
  <suite started-at="2021-06-24T00:13:12 CDT" name="Testing Google Apps" finished-at="2021-06-24T00:13:21 CDT" duration-ms="9867">
    <groups>
    </groups>
    <test started-at="2021-06-24T00:13:12 CDT" name="Test" finished-at="2021-06-24T00:13:21 CDT" duration-ms="9867">
      <class name="testScripts.PracticeForm">
        <test-method is-config="true" signature="setup()[pri:0, instance:testScripts.PracticeForm@747edf66]" started-at="2021-06-24T00:13:12 CDT" name="setup" finished-at="2021-06-24T00:13:17 CDT" duration-ms="5428" status="PASS">
          <reporter-output>
          </reporter-output>
        </test-method> <!-- setup -->
        <test-method signature="happyPath()[pri:0, instance:testScripts.PracticeForm@747edf66]" started-at="2021-06-24T00:13:17 CDT" name="happyPath" finished-at="2021-06-24T00:13:21 CDT" duration-ms="3531" status="PASS">
          <reporter-output>
          </reporter-output>
        </test-method> <!-- happyPath -->
        <test-method signature="incompleteForm()[pri:0, instance:testScripts.PracticeForm@747edf66]" started-at="2021-06-24T00:13:21 CDT" name="incompleteForm" finished-at="2021-06-24T00:13:21 CDT" duration-ms="100" status="PASS">
          <reporter-output>
          </reporter-output>
        </test-method> <!-- incompleteForm -->
        <test-method is-config="true" signature="tearDown()[pri:0, instance:testScripts.PracticeForm@747edf66]" started-at="2021-06-24T00:13:21 CDT" name="tearDown" finished-at="2021-06-24T00:13:21 CDT" duration-ms="752" status="PASS">
          <reporter-output>
          </reporter-output>
        </test-method> <!-- tearDown -->
      </class> <!-- testScripts.PracticeForm -->
    </test> <!-- Test -->
  </suite> <!-- Testing Google Apps -->
</testng-results>
